[0m21:03:02.826969 [debug] [MainThread]: Sending event: {'category': 'dbt', 'action': 'invocation', 'label': 'start', 'context': [<snowplow_tracker.self_describing_json.SelfDescribingJson object at 0x000001C42C1D75D0>, <snowplow_tracker.self_describing_json.SelfDescribingJson object at 0x000001C42C1218D0>, <snowplow_tracker.self_describing_json.SelfDescribingJson object at 0x000001C42C1D5710>]}


============================== 21:03:02.833315 | 92f8f718-e893-4f92-94b7-962640d610fa ==============================
[0m21:03:02.833315 [info ] [MainThread]: Running with dbt=1.12.0-b3
[0m21:03:02.833649 [debug] [MainThread]: running dbt with arguments {'maximum_seed_size_mib': '1', 'no_print': 'None', 'version_check': 'True', 'warn_error_options': 'WarnErrorOptionsV2(error=[], warn=[], silence=[])', 'static_parser': 'True', 'target_path': 'None', 'printer_width': '80', 'write_json': 'True', 'empty': 'None', 'log_cache_events': 'False', 'introspect': 'True', 'cache_selected_only': 'False', 'fail_fast': 'False', 'debug': 'False', 'log_format': 'default', 'profiles_dir': 'C:\\Users\\kiran\\.dbt', 'send_anonymous_usage_stats': 'True', 'quiet': 'False', 'warn_error': 'None', 'partial_parse': 'True', 'use_colors': 'True', 'invocation_command': 'dbt init', 'indirect_selection': 'eager', 'use_experimental_parser': 'False', 'log_path': 'logs'}
[0m21:03:38.761288 [error] [MainThread]: [[31mERROR[0m]: Encountered an error:

[0m21:03:38.765283 [error] [MainThread]: Traceback (most recent call last):
  File "C:\Users\kiran\Documents\Programming\Projects\Brazalian_E_Commerce\venv\Lib\site-packages\dbt\cli\requires.py", line 190, in wrapper
    result, success = func(*args, **kwargs)
                      ^^^^^^^^^^^^^^^^^^^^^
  File "C:\Users\kiran\Documents\Programming\Projects\Brazalian_E_Commerce\venv\Lib\site-packages\dbt\cli\requires.py", line 136, in wrapper
    return func(*args, **kwargs)
           ^^^^^^^^^^^^^^^^^^^^^
  File "C:\Users\kiran\Documents\Programming\Projects\Brazalian_E_Commerce\venv\Lib\site-packages\dbt\cli\main.py", line 503, in init
    results = task.run()
              ^^^^^^^^^^
  File "C:\Users\kiran\Documents\Programming\Projects\Brazalian_E_Commerce\venv\Lib\site-packages\dbt\task\init.py", line 337, in run
    project_name = self.get_valid_project_name()
                   ^^^^^^^^^^^^^^^^^^^^^^^^^^^^^
  File "C:\Users\kiran\Documents\Programming\Projects\Brazalian_E_Commerce\venv\Lib\site-packages\dbt\task\init.py", line 280, in get_valid_project_name
    name = click.prompt("Enter a name for your project (letters, digits, underscore)")
           ^^^^^^^^^^^^^^^^^^^^^^^^^^^^^^^^^^^^^^^^^^^^^^^^^^^^^^^^^^^^^^^^^^^^^^^^^^^
  File "C:\Users\kiran\Documents\Programming\Projects\Brazalian_E_Commerce\venv\Lib\site-packages\click\termui.py", line 218, in prompt
    value = prompt_func(prompt)
            ^^^^^^^^^^^^^^^^^^^
  File "C:\Users\kiran\Documents\Programming\Projects\Brazalian_E_Commerce\venv\Lib\site-packages\click\termui.py", line 201, in prompt_func
    raise Abort() from None
click.exceptions.Abort

[0m21:03:38.767289 [debug] [MainThread]: Command `dbt init` failed at 21:03:38.766283 after 36.06 seconds
[0m21:03:38.768288 [debug] [MainThread]: Sending event: {'category': 'dbt', 'action': 'invocation', 'label': 'end', 'context': [<snowplow_tracker.self_describing_json.SelfDescribingJson object at 0x000001C42C2643D0>, <snowplow_tracker.self_describing_json.SelfDescribingJson object at 0x000001C42C1D4550>, <snowplow_tracker.self_describing_json.SelfDescribingJson object at 0x000001C42C1D4650>]}
[0m21:03:38.768288 [debug] [MainThread]: Flushing usage events
[0m21:04:00.906263 [debug] [MainThread]: Sending event: {'category': 'dbt', 'action': 'invocation', 'label': 'start', 'context': [<snowplow_tracker.self_describing_json.SelfDescribingJson object at 0x000001D2391F0350>, <snowplow_tracker.self_describing_json.SelfDescribingJson object at 0x000001D2391E6490>, <snowplow_tracker.self_describing_json.SelfDescribingJson object at 0x000001D239276D10>]}


============================== 21:04:00.924534 | 2fb2676f-25cd-4ce3-bd3d-689ad5a3390a ==============================
[0m21:04:00.924534 [info ] [MainThread]: Running with dbt=1.12.0-b3
[0m21:04:00.924534 [debug] [MainThread]: running dbt with arguments {'static_parser': 'True', 'no_print': 'None', 'version_check': 'True', 'warn_error_options': 'WarnErrorOptionsV2(error=[], warn=[], silence=[])', 'target_path': 'None', 'maximum_seed_size_mib': '1', 'printer_width': '80', 'write_json': 'True', 'introspect': 'True', 'log_cache_events': 'False', 'empty': 'None', 'cache_selected_only': 'False', 'fail_fast': 'False', 'debug': 'False', 'log_format': 'default', 'profiles_dir': 'C:\\Users\\kiran\\.dbt', 'send_anonymous_usage_stats': 'True', 'quiet': 'False', 'warn_error': 'None', 'partial_parse': 'True', 'use_colors': 'True', 'invocation_command': 'dbt init', 'indirect_selection': 'eager', 'use_experimental_parser': 'False', 'log_path': 'logs'}
[0m21:04:29.992150 [error] [MainThread]: [[31mERROR[0m]: Encountered an error:

[0m21:04:29.995252 [error] [MainThread]: Traceback (most recent call last):
  File "C:\Users\kiran\Documents\Programming\Projects\Brazalian_E_Commerce\venv\Lib\site-packages\dbt\cli\requires.py", line 190, in wrapper
    result, success = func(*args, **kwargs)
                      ^^^^^^^^^^^^^^^^^^^^^
  File "C:\Users\kiran\Documents\Programming\Projects\Brazalian_E_Commerce\venv\Lib\site-packages\dbt\cli\requires.py", line 136, in wrapper
    return func(*args, **kwargs)
           ^^^^^^^^^^^^^^^^^^^^^
  File "C:\Users\kiran\Documents\Programming\Projects\Brazalian_E_Commerce\venv\Lib\site-packages\dbt\cli\main.py", line 503, in init
    results = task.run()
              ^^^^^^^^^^
  File "C:\Users\kiran\Documents\Programming\Projects\Brazalian_E_Commerce\venv\Lib\site-packages\dbt\task\init.py", line 337, in run
    project_name = self.get_valid_project_name()
                   ^^^^^^^^^^^^^^^^^^^^^^^^^^^^^
  File "C:\Users\kiran\Documents\Programming\Projects\Brazalian_E_Commerce\venv\Lib\site-packages\dbt\task\init.py", line 280, in get_valid_project_name
    name = click.prompt("Enter a name for your project (letters, digits, underscore)")
           ^^^^^^^^^^^^^^^^^^^^^^^^^^^^^^^^^^^^^^^^^^^^^^^^^^^^^^^^^^^^^^^^^^^^^^^^^^^
  File "C:\Users\kiran\Documents\Programming\Projects\Brazalian_E_Commerce\venv\Lib\site-packages\click\termui.py", line 218, in prompt
    value = prompt_func(prompt)
            ^^^^^^^^^^^^^^^^^^^
  File "C:\Users\kiran\Documents\Programming\Projects\Brazalian_E_Commerce\venv\Lib\site-packages\click\termui.py", line 201, in prompt_func
    raise Abort() from None
click.exceptions.Abort

[0m21:04:29.998280 [debug] [MainThread]: Command `dbt init` failed at 21:04:29.997858 after 29.17 seconds
[0m21:04:29.998280 [debug] [MainThread]: Sending event: {'category': 'dbt', 'action': 'invocation', 'label': 'end', 'context': [<snowplow_tracker.self_describing_json.SelfDescribingJson object at 0x000001D2391E7C10>, <snowplow_tracker.self_describing_json.SelfDescribingJson object at 0x000001D2391E44D0>, <snowplow_tracker.self_describing_json.SelfDescribingJson object at 0x000001D2391E45D0>]}
[0m21:04:29.999286 [debug] [MainThread]: Flushing usage events
[0m21:04:31.094226 [debug] [MainThread]: An error was encountered while trying to flush usage events
[0m20:18:19.104683 [debug] [MainThread]: Sending event: {'category': 'dbt', 'action': 'invocation', 'label': 'start', 'context': [<snowplow_tracker.self_describing_json.SelfDescribingJson object at 0x0000025D4AD012D0>, <snowplow_tracker.self_describing_json.SelfDescribingJson object at 0x0000025D4AD968D0>, <snowplow_tracker.self_describing_json.SelfDescribingJson object at 0x0000025D4602B6D0>]}


============================== 20:18:19.108883 | f09d0c86-7dc0-40b4-b056-b4e3d88cc1e7 ==============================
[0m20:18:19.108883 [info ] [MainThread]: Running with dbt=1.12.0-b3
[0m20:18:19.108883 [debug] [MainThread]: running dbt with arguments {'static_parser': 'True', 'no_print': 'None', 'version_check': 'True', 'target_path': 'None', 'warn_error_options': 'WarnErrorOptionsV2(error=[], warn=[], silence=[])', 'maximum_seed_size_mib': '1', 'printer_width': '80', 'write_json': 'True', 'empty': 'False', 'log_cache_events': 'False', 'introspect': 'True', 'cache_selected_only': 'False', 'fail_fast': 'False', 'debug': 'False', 'log_format': 'default', 'partial_parse': 'True', 'send_anonymous_usage_stats': 'True', 'quiet': 'False', 'warn_error': 'None', 'profiles_dir': 'C:\\Users\\kiran\\.dbt', 'use_colors': 'True', 'invocation_command': 'dbt run --select models\\gold\\test.sql', 'indirect_selection': 'eager', 'use_experimental_parser': 'False', 'log_path': 'logs'}
[0m20:18:19.108883 [error] [MainThread]: [[31mERROR[0m]: Encountered an error:
Runtime Error
  No dbt_project.yml found at expected path C:\Users\kiran\Documents\Programming\Projects\Brazalian_E_Commerce\dbt_project.yml
  Verify that each entry within packages.yml (and their transitive dependencies) contains a file named dbt_project.yml
  
[0m20:18:19.116299 [debug] [MainThread]: Command `dbt run` failed at 20:18:19.116299 after 0.13 seconds
[0m20:18:19.116299 [debug] [MainThread]: Sending event: {'category': 'dbt', 'action': 'invocation', 'label': 'end', 'context': [<snowplow_tracker.self_describing_json.SelfDescribingJson object at 0x0000025D44F6D310>, <snowplow_tracker.self_describing_json.SelfDescribingJson object at 0x0000025D4AD03ED0>, <snowplow_tracker.self_describing_json.SelfDescribingJson object at 0x0000025D4AD03DD0>]}
[0m20:18:19.118262 [debug] [MainThread]: Flushing usage events
[0m20:18:20.249397 [debug] [MainThread]: An error was encountered while trying to flush usage events
